[2020-09-03 16:34:56] production.ERROR: ErrorException: Undefined variable: mensagem in /Users/andre/projects/andrew/aula-laravel/app/views/hello.php:17
Stack trace:
#0 /Users/andre/projects/andrew/aula-laravel/app/views/hello.php(17): Illuminate\Exception\Handler->handleError(8, 'Undefined varia...', '/Users/andre/pr...', 17, Array)
#1 /Users/andre/projects/andrew/aula-laravel/bootstrap/compiled.php(8024): include('/Users/andre/pr...')
#2 /Users/andre/projects/andrew/aula-laravel/bootstrap/compiled.php(8016): Illuminate\View\Engines\PhpEngine->evaluatePath('/Users/andre/pr...', Array)
#3 /Users/andre/projects/andrew/aula-laravel/bootstrap/compiled.php(7902): Illuminate\View\Engines\PhpEngine->get('/Users/andre/pr...', Array)
#4 /Users/andre/projects/andrew/aula-laravel/bootstrap/compiled.php(7889): Illuminate\View\View->getContents()
#5 /Users/andre/projects/andrew/aula-laravel/bootstrap/compiled.php(7876): Illuminate\View\View->renderContents()
#6 /Users/andre/projects/andrew/aula-laravel/bootstrap/compiled.php(8072): Illuminate\View\View->render()
#7 /Users/andre/projects/andrew/aula-laravel/vendor/symfony/http-foundation/Response.php(202): Illuminate\Http\Response->setContent(Object(Illuminate\View\View))
#8 /Users/andre/projects/andrew/aula-laravel/bootstrap/compiled.php(3230): Symfony\Component\HttpFoundation\Response->__construct(Object(Illuminate\View\View))
#9 /Users/andre/projects/andrew/aula-laravel/bootstrap/compiled.php(3039): Illuminate\Routing\Router->prepareResponse(Object(Illuminate\Http\Request), Object(Illuminate\View\View))
#10 /Users/andre/projects/andrew/aula-laravel/bootstrap/compiled.php(3025): Illuminate\Routing\Router->dispatchToRoute(Object(Illuminate\Http\Request))
#11 /Users/andre/projects/andrew/aula-laravel/bootstrap/compiled.php(702): Illuminate\Routing\Router->dispatch(Object(Illuminate\Http\Request))
#12 /Users/andre/projects/andrew/aula-laravel/bootstrap/compiled.php(678): Illuminate\Foundation\Application->dispatch(Object(Illuminate\Http\Request))
#13 /Users/andre/projects/andrew/aula-laravel/bootstrap/compiled.php(5797): Illuminate\Foundation\Application->handle(Object(Illuminate\Http\Request), 1, true)
#14 /Users/andre/projects/andrew/aula-laravel/bootstrap/compiled.php(6404): Illuminate\Session\Middleware->handle(Object(Illuminate\Http\Request), 1, true)
#15 /Users/andre/projects/andrew/aula-laravel/bootstrap/compiled.php(6351): Illuminate\Cookie\Queue->handle(Object(Illuminate\Http\Request), 1, true)
#16 /Users/andre/projects/andrew/aula-laravel/bootstrap/compiled.php(8436): Illuminate\Cookie\Guard->handle(Object(Illuminate\Http\Request), 1, true)
#17 /Users/andre/projects/andrew/aula-laravel/bootstrap/compiled.php(639): Stack\StackedHttpKernel->handle(Object(Illuminate\Http\Request))
#18 /Users/andre/projects/andrew/aula-laravel/public/index.php(49): Illuminate\Foundation\Application->run()
#19 /Users/andre/projects/andrew/aula-laravel/server.php(19): require_once('/Users/andre/pr...')
#20 {main} [] []
[2020-09-03 16:34:58] production.ERROR: ErrorException: Undefined variable: mensagem in /Users/andre/projects/andrew/aula-laravel/app/views/hello.php:17
Stack trace:
#0 /Users/andre/projects/andrew/aula-laravel/app/views/hello.php(17): Illuminate\Exception\Handler->handleError(8, 'Undefined varia...', '/Users/andre/pr...', 17, Array)
#1 /Users/andre/projects/andrew/aula-laravel/bootstrap/compiled.php(8024): include('/Users/andre/pr...')
#2 /Users/andre/projects/andrew/aula-laravel/bootstrap/compiled.php(8016): Illuminate\View\Engines\PhpEngine->evaluatePath('/Users/andre/pr...', Array)
#3 /Users/andre/projects/andrew/aula-laravel/bootstrap/compiled.php(7902): Illuminate\View\Engines\PhpEngine->get('/Users/andre/pr...', Array)
#4 /Users/andre/projects/andrew/aula-laravel/bootstrap/compiled.php(7889): Illuminate\View\View->getContents()
#5 /Users/andre/projects/andrew/aula-laravel/bootstrap/compiled.php(7876): Illuminate\View\View->renderContents()
#6 /Users/andre/projects/andrew/aula-laravel/bootstrap/compiled.php(8072): Illuminate\View\View->render()
#7 /Users/andre/projects/andrew/aula-laravel/vendor/symfony/http-foundation/Response.php(202): Illuminate\Http\Response->setContent(Object(Illuminate\View\View))
#8 /Users/andre/projects/andrew/aula-laravel/bootstrap/compiled.php(3230): Symfony\Component\HttpFoundation\Response->__construct(Object(Illuminate\View\View))
#9 /Users/andre/projects/andrew/aula-laravel/bootstrap/compiled.php(3039): Illuminate\Routing\Router->prepareResponse(Object(Illuminate\Http\Request), Object(Illuminate\View\View))
#10 /Users/andre/projects/andrew/aula-laravel/bootstrap/compiled.php(3025): Illuminate\Routing\Router->dispatchToRoute(Object(Illuminate\Http\Request))
#11 /Users/andre/projects/andrew/aula-laravel/bootstrap/compiled.php(702): Illuminate\Routing\Router->dispatch(Object(Illuminate\Http\Request))
#12 /Users/andre/projects/andrew/aula-laravel/bootstrap/compiled.php(678): Illuminate\Foundation\Application->dispatch(Object(Illuminate\Http\Request))
#13 /Users/andre/projects/andrew/aula-laravel/bootstrap/compiled.php(5797): Illuminate\Foundation\Application->handle(Object(Illuminate\Http\Request), 1, true)
#14 /Users/andre/projects/andrew/aula-laravel/bootstrap/compiled.php(6404): Illuminate\Session\Middleware->handle(Object(Illuminate\Http\Request), 1, true)
#15 /Users/andre/projects/andrew/aula-laravel/bootstrap/compiled.php(6351): Illuminate\Cookie\Queue->handle(Object(Illuminate\Http\Request), 1, true)
#16 /Users/andre/projects/andrew/aula-laravel/bootstrap/compiled.php(8436): Illuminate\Cookie\Guard->handle(Object(Illuminate\Http\Request), 1, true)
#17 /Users/andre/projects/andrew/aula-laravel/bootstrap/compiled.php(639): Stack\StackedHttpKernel->handle(Object(Illuminate\Http\Request))
#18 /Users/andre/projects/andrew/aula-laravel/public/index.php(49): Illuminate\Foundation\Application->run()
#19 /Users/andre/projects/andrew/aula-laravel/server.php(19): require_once('/Users/andre/pr...')
#20 {main} [] []
[2020-09-03 16:35:22] production.ERROR: ErrorException: Undefined variable: mensagem in /Users/andre/projects/andrew/aula-laravel/app/views/hello.php:17
Stack trace:
#0 /Users/andre/projects/andrew/aula-laravel/app/views/hello.php(17): Illuminate\Exception\Handler->handleError(8, 'Undefined varia...', '/Users/andre/pr...', 17, Array)
#1 /Users/andre/projects/andrew/aula-laravel/bootstrap/compiled.php(8024): include('/Users/andre/pr...')
#2 /Users/andre/projects/andrew/aula-laravel/bootstrap/compiled.php(8016): Illuminate\View\Engines\PhpEngine->evaluatePath('/Users/andre/pr...', Array)
#3 /Users/andre/projects/andrew/aula-laravel/bootstrap/compiled.php(7902): Illuminate\View\Engines\PhpEngine->get('/Users/andre/pr...', Array)
#4 /Users/andre/projects/andrew/aula-laravel/bootstrap/compiled.php(7889): Illuminate\View\View->getContents()
#5 /Users/andre/projects/andrew/aula-laravel/bootstrap/compiled.php(7876): Illuminate\View\View->renderContents()
#6 /Users/andre/projects/andrew/aula-laravel/bootstrap/compiled.php(8072): Illuminate\View\View->render()
#7 /Users/andre/projects/andrew/aula-laravel/vendor/symfony/http-foundation/Response.php(202): Illuminate\Http\Response->setContent(Object(Illuminate\View\View))
#8 /Users/andre/projects/andrew/aula-laravel/bootstrap/compiled.php(3230): Symfony\Component\HttpFoundation\Response->__construct(Object(Illuminate\View\View))
#9 /Users/andre/projects/andrew/aula-laravel/bootstrap/compiled.php(3039): Illuminate\Routing\Router->prepareResponse(Object(Illuminate\Http\Request), Object(Illuminate\View\View))
#10 /Users/andre/projects/andrew/aula-laravel/bootstrap/compiled.php(3025): Illuminate\Routing\Router->dispatchToRoute(Object(Illuminate\Http\Request))
#11 /Users/andre/projects/andrew/aula-laravel/bootstrap/compiled.php(702): Illuminate\Routing\Router->dispatch(Object(Illuminate\Http\Request))
#12 /Users/andre/projects/andrew/aula-laravel/bootstrap/compiled.php(678): Illuminate\Foundation\Application->dispatch(Object(Illuminate\Http\Request))
#13 /Users/andre/projects/andrew/aula-laravel/bootstrap/compiled.php(5797): Illuminate\Foundation\Application->handle(Object(Illuminate\Http\Request), 1, true)
#14 /Users/andre/projects/andrew/aula-laravel/bootstrap/compiled.php(6404): Illuminate\Session\Middleware->handle(Object(Illuminate\Http\Request), 1, true)
#15 /Users/andre/projects/andrew/aula-laravel/bootstrap/compiled.php(6351): Illuminate\Cookie\Queue->handle(Object(Illuminate\Http\Request), 1, true)
#16 /Users/andre/projects/andrew/aula-laravel/bootstrap/compiled.php(8436): Illuminate\Cookie\Guard->handle(Object(Illuminate\Http\Request), 1, true)
#17 /Users/andre/projects/andrew/aula-laravel/bootstrap/compiled.php(639): Stack\StackedHttpKernel->handle(Object(Illuminate\Http\Request))
#18 /Users/andre/projects/andrew/aula-laravel/public/index.php(49): Illuminate\Foundation\Application->run()
#19 /Users/andre/projects/andrew/aula-laravel/server.php(19): require_once('/Users/andre/pr...')
#20 {main} [] []
[2020-09-03 16:35:24] production.ERROR: ErrorException: Undefined variable: mensagem in /Users/andre/projects/andrew/aula-laravel/app/views/hello.php:17
Stack trace:
#0 /Users/andre/projects/andrew/aula-laravel/app/views/hello.php(17): Illuminate\Exception\Handler->handleError(8, 'Undefined varia...', '/Users/andre/pr...', 17, Array)
#1 /Users/andre/projects/andrew/aula-laravel/bootstrap/compiled.php(8024): include('/Users/andre/pr...')
#2 /Users/andre/projects/andrew/aula-laravel/bootstrap/compiled.php(8016): Illuminate\View\Engines\PhpEngine->evaluatePath('/Users/andre/pr...', Array)
#3 /Users/andre/projects/andrew/aula-laravel/bootstrap/compiled.php(7902): Illuminate\View\Engines\PhpEngine->get('/Users/andre/pr...', Array)
#4 /Users/andre/projects/andrew/aula-laravel/bootstrap/compiled.php(7889): Illuminate\View\View->getContents()
#5 /Users/andre/projects/andrew/aula-laravel/bootstrap/compiled.php(7876): Illuminate\View\View->renderContents()
#6 /Users/andre/projects/andrew/aula-laravel/bootstrap/compiled.php(8072): Illuminate\View\View->render()
#7 /Users/andre/projects/andrew/aula-laravel/vendor/symfony/http-foundation/Response.php(202): Illuminate\Http\Response->setContent(Object(Illuminate\View\View))
#8 /Users/andre/projects/andrew/aula-laravel/bootstrap/compiled.php(3230): Symfony\Component\HttpFoundation\Response->__construct(Object(Illuminate\View\View))
#9 /Users/andre/projects/andrew/aula-laravel/bootstrap/compiled.php(3039): Illuminate\Routing\Router->prepareResponse(Object(Illuminate\Http\Request), Object(Illuminate\View\View))
#10 /Users/andre/projects/andrew/aula-laravel/bootstrap/compiled.php(3025): Illuminate\Routing\Router->dispatchToRoute(Object(Illuminate\Http\Request))
#11 /Users/andre/projects/andrew/aula-laravel/bootstrap/compiled.php(702): Illuminate\Routing\Router->dispatch(Object(Illuminate\Http\Request))
#12 /Users/andre/projects/andrew/aula-laravel/bootstrap/compiled.php(678): Illuminate\Foundation\Application->dispatch(Object(Illuminate\Http\Request))
#13 /Users/andre/projects/andrew/aula-laravel/bootstrap/compiled.php(5797): Illuminate\Foundation\Application->handle(Object(Illuminate\Http\Request), 1, true)
#14 /Users/andre/projects/andrew/aula-laravel/bootstrap/compiled.php(6404): Illuminate\Session\Middleware->handle(Object(Illuminate\Http\Request), 1, true)
#15 /Users/andre/projects/andrew/aula-laravel/bootstrap/compiled.php(6351): Illuminate\Cookie\Queue->handle(Object(Illuminate\Http\Request), 1, true)
#16 /Users/andre/projects/andrew/aula-laravel/bootstrap/compiled.php(8436): Illuminate\Cookie\Guard->handle(Object(Illuminate\Http\Request), 1, true)
#17 /Users/andre/projects/andrew/aula-laravel/bootstrap/compiled.php(639): Stack\StackedHttpKernel->handle(Object(Illuminate\Http\Request))
#18 /Users/andre/projects/andrew/aula-laravel/public/index.php(49): Illuminate\Foundation\Application->run()
#19 /Users/andre/projects/andrew/aula-laravel/server.php(19): require_once('/Users/andre/pr...')
#20 {main} [] []
[2020-09-03 16:35:26] production.ERROR: ErrorException: Undefined variable: mensagem in /Users/andre/projects/andrew/aula-laravel/app/views/hello.php:17
Stack trace:
#0 /Users/andre/projects/andrew/aula-laravel/app/views/hello.php(17): Illuminate\Exception\Handler->handleError(8, 'Undefined varia...', '/Users/andre/pr...', 17, Array)
#1 /Users/andre/projects/andrew/aula-laravel/bootstrap/compiled.php(8024): include('/Users/andre/pr...')
#2 /Users/andre/projects/andrew/aula-laravel/bootstrap/compiled.php(8016): Illuminate\View\Engines\PhpEngine->evaluatePath('/Users/andre/pr...', Array)
#3 /Users/andre/projects/andrew/aula-laravel/bootstrap/compiled.php(7902): Illuminate\View\Engines\PhpEngine->get('/Users/andre/pr...', Array)
#4 /Users/andre/projects/andrew/aula-laravel/bootstrap/compiled.php(7889): Illuminate\View\View->getContents()
#5 /Users/andre/projects/andrew/aula-laravel/bootstrap/compiled.php(7876): Illuminate\View\View->renderContents()
#6 /Users/andre/projects/andrew/aula-laravel/bootstrap/compiled.php(8072): Illuminate\View\View->render()
#7 /Users/andre/projects/andrew/aula-laravel/vendor/symfony/http-foundation/Response.php(202): Illuminate\Http\Response->setContent(Object(Illuminate\View\View))
#8 /Users/andre/projects/andrew/aula-laravel/bootstrap/compiled.php(3230): Symfony\Component\HttpFoundation\Response->__construct(Object(Illuminate\View\View))
#9 /Users/andre/projects/andrew/aula-laravel/bootstrap/compiled.php(3039): Illuminate\Routing\Router->prepareResponse(Object(Illuminate\Http\Request), Object(Illuminate\View\View))
#10 /Users/andre/projects/andrew/aula-laravel/bootstrap/compiled.php(3025): Illuminate\Routing\Router->dispatchToRoute(Object(Illuminate\Http\Request))
#11 /Users/andre/projects/andrew/aula-laravel/bootstrap/compiled.php(702): Illuminate\Routing\Router->dispatch(Object(Illuminate\Http\Request))
#12 /Users/andre/projects/andrew/aula-laravel/bootstrap/compiled.php(678): Illuminate\Foundation\Application->dispatch(Object(Illuminate\Http\Request))
#13 /Users/andre/projects/andrew/aula-laravel/bootstrap/compiled.php(5797): Illuminate\Foundation\Application->handle(Object(Illuminate\Http\Request), 1, true)
#14 /Users/andre/projects/andrew/aula-laravel/bootstrap/compiled.php(6404): Illuminate\Session\Middleware->handle(Object(Illuminate\Http\Request), 1, true)
#15 /Users/andre/projects/andrew/aula-laravel/bootstrap/compiled.php(6351): Illuminate\Cookie\Queue->handle(Object(Illuminate\Http\Request), 1, true)
#16 /Users/andre/projects/andrew/aula-laravel/bootstrap/compiled.php(8436): Illuminate\Cookie\Guard->handle(Object(Illuminate\Http\Request), 1, true)
#17 /Users/andre/projects/andrew/aula-laravel/bootstrap/compiled.php(639): Stack\StackedHttpKernel->handle(Object(Illuminate\Http\Request))
#18 /Users/andre/projects/andrew/aula-laravel/public/index.php(49): Illuminate\Foundation\Application->run()
#19 /Users/andre/projects/andrew/aula-laravel/server.php(19): require_once('/Users/andre/pr...')
#20 {main} [] []
[2020-09-03 16:35:30] production.ERROR: ErrorException: Undefined variable: mensagem in /Users/andre/projects/andrew/aula-laravel/app/views/hello.php:17
Stack trace:
#0 /Users/andre/projects/andrew/aula-laravel/app/views/hello.php(17): Illuminate\Exception\Handler->handleError(8, 'Undefined varia...', '/Users/andre/pr...', 17, Array)
#1 /Users/andre/projects/andrew/aula-laravel/bootstrap/compiled.php(8024): include('/Users/andre/pr...')
#2 /Users/andre/projects/andrew/aula-laravel/bootstrap/compiled.php(8016): Illuminate\View\Engines\PhpEngine->evaluatePath('/Users/andre/pr...', Array)
#3 /Users/andre/projects/andrew/aula-laravel/bootstrap/compiled.php(7902): Illuminate\View\Engines\PhpEngine->get('/Users/andre/pr...', Array)
#4 /Users/andre/projects/andrew/aula-laravel/bootstrap/compiled.php(7889): Illuminate\View\View->getContents()
#5 /Users/andre/projects/andrew/aula-laravel/bootstrap/compiled.php(7876): Illuminate\View\View->renderContents()
#6 /Users/andre/projects/andrew/aula-laravel/bootstrap/compiled.php(8072): Illuminate\View\View->render()
#7 /Users/andre/projects/andrew/aula-laravel/vendor/symfony/http-foundation/Response.php(202): Illuminate\Http\Response->setContent(Object(Illuminate\View\View))
#8 /Users/andre/projects/andrew/aula-laravel/bootstrap/compiled.php(3230): Symfony\Component\HttpFoundation\Response->__construct(Object(Illuminate\View\View))
#9 /Users/andre/projects/andrew/aula-laravel/bootstrap/compiled.php(3039): Illuminate\Routing\Router->prepareResponse(Object(Illuminate\Http\Request), Object(Illuminate\View\View))
#10 /Users/andre/projects/andrew/aula-laravel/bootstrap/compiled.php(3025): Illuminate\Routing\Router->dispatchToRoute(Object(Illuminate\Http\Request))
#11 /Users/andre/projects/andrew/aula-laravel/bootstrap/compiled.php(702): Illuminate\Routing\Router->dispatch(Object(Illuminate\Http\Request))
#12 /Users/andre/projects/andrew/aula-laravel/bootstrap/compiled.php(678): Illuminate\Foundation\Application->dispatch(Object(Illuminate\Http\Request))
#13 /Users/andre/projects/andrew/aula-laravel/bootstrap/compiled.php(5797): Illuminate\Foundation\Application->handle(Object(Illuminate\Http\Request), 1, true)
#14 /Users/andre/projects/andrew/aula-laravel/bootstrap/compiled.php(6404): Illuminate\Session\Middleware->handle(Object(Illuminate\Http\Request), 1, true)
#15 /Users/andre/projects/andrew/aula-laravel/bootstrap/compiled.php(6351): Illuminate\Cookie\Queue->handle(Object(Illuminate\Http\Request), 1, true)
#16 /Users/andre/projects/andrew/aula-laravel/bootstrap/compiled.php(8436): Illuminate\Cookie\Guard->handle(Object(Illuminate\Http\Request), 1, true)
#17 /Users/andre/projects/andrew/aula-laravel/bootstrap/compiled.php(639): Stack\StackedHttpKernel->handle(Object(Illuminate\Http\Request))
#18 /Users/andre/projects/andrew/aula-laravel/public/index.php(49): Illuminate\Foundation\Application->run()
#19 /Users/andre/projects/andrew/aula-laravel/server.php(19): require_once('/Users/andre/pr...')
#20 {main} [] []
[2020-09-03 16:35:33] production.ERROR: ErrorException: Undefined variable: mensagem in /Users/andre/projects/andrew/aula-laravel/app/views/hello.php:17
Stack trace:
#0 /Users/andre/projects/andrew/aula-laravel/app/views/hello.php(17): Illuminate\Exception\Handler->handleError(8, 'Undefined varia...', '/Users/andre/pr...', 17, Array)
#1 /Users/andre/projects/andrew/aula-laravel/bootstrap/compiled.php(8024): include('/Users/andre/pr...')
#2 /Users/andre/projects/andrew/aula-laravel/bootstrap/compiled.php(8016): Illuminate\View\Engines\PhpEngine->evaluatePath('/Users/andre/pr...', Array)
#3 /Users/andre/projects/andrew/aula-laravel/bootstrap/compiled.php(7902): Illuminate\View\Engines\PhpEngine->get('/Users/andre/pr...', Array)
#4 /Users/andre/projects/andrew/aula-laravel/bootstrap/compiled.php(7889): Illuminate\View\View->getContents()
#5 /Users/andre/projects/andrew/aula-laravel/bootstrap/compiled.php(7876): Illuminate\View\View->renderContents()
#6 /Users/andre/projects/andrew/aula-laravel/bootstrap/compiled.php(8072): Illuminate\View\View->render()
#7 /Users/andre/projects/andrew/aula-laravel/vendor/symfony/http-foundation/Response.php(202): Illuminate\Http\Response->setContent(Object(Illuminate\View\View))
#8 /Users/andre/projects/andrew/aula-laravel/bootstrap/compiled.php(3230): Symfony\Component\HttpFoundation\Response->__construct(Object(Illuminate\View\View))
#9 /Users/andre/projects/andrew/aula-laravel/bootstrap/compiled.php(3039): Illuminate\Routing\Router->prepareResponse(Object(Illuminate\Http\Request), Object(Illuminate\View\View))
#10 /Users/andre/projects/andrew/aula-laravel/bootstrap/compiled.php(3025): Illuminate\Routing\Router->dispatchToRoute(Object(Illuminate\Http\Request))
#11 /Users/andre/projects/andrew/aula-laravel/bootstrap/compiled.php(702): Illuminate\Routing\Router->dispatch(Object(Illuminate\Http\Request))
#12 /Users/andre/projects/andrew/aula-laravel/bootstrap/compiled.php(678): Illuminate\Foundation\Application->dispatch(Object(Illuminate\Http\Request))
#13 /Users/andre/projects/andrew/aula-laravel/bootstrap/compiled.php(5797): Illuminate\Foundation\Application->handle(Object(Illuminate\Http\Request), 1, true)
#14 /Users/andre/projects/andrew/aula-laravel/bootstrap/compiled.php(6404): Illuminate\Session\Middleware->handle(Object(Illuminate\Http\Request), 1, true)
#15 /Users/andre/projects/andrew/aula-laravel/bootstrap/compiled.php(6351): Illuminate\Cookie\Queue->handle(Object(Illuminate\Http\Request), 1, true)
#16 /Users/andre/projects/andrew/aula-laravel/bootstrap/compiled.php(8436): Illuminate\Cookie\Guard->handle(Object(Illuminate\Http\Request), 1, true)
#17 /Users/andre/projects/andrew/aula-laravel/bootstrap/compiled.php(639): Stack\StackedHttpKernel->handle(Object(Illuminate\Http\Request))
#18 /Users/andre/projects/andrew/aula-laravel/public/index.php(49): Illuminate\Foundation\Application->run()
#19 /Users/andre/projects/andrew/aula-laravel/server.php(19): require_once('/Users/andre/pr...')
#20 {main} [] []
[2020-09-03 16:38:19] production.ERROR: ErrorException: Undefined variable: mensagem in /Users/andre/projects/andrew/aula-laravel/app/views/login-view.php:17
Stack trace:
#0 /Users/andre/projects/andrew/aula-laravel/app/views/login-view.php(17): Illuminate\Exception\Handler->handleError(8, 'Undefined varia...', '/Users/andre/pr...', 17, Array)
#1 /Users/andre/projects/andrew/aula-laravel/bootstrap/compiled.php(8024): include('/Users/andre/pr...')
#2 /Users/andre/projects/andrew/aula-laravel/bootstrap/compiled.php(8016): Illuminate\View\Engines\PhpEngine->evaluatePath('/Users/andre/pr...', Array)
#3 /Users/andre/projects/andrew/aula-laravel/bootstrap/compiled.php(7902): Illuminate\View\Engines\PhpEngine->get('/Users/andre/pr...', Array)
#4 /Users/andre/projects/andrew/aula-laravel/bootstrap/compiled.php(7889): Illuminate\View\View->getContents()
#5 /Users/andre/projects/andrew/aula-laravel/bootstrap/compiled.php(7876): Illuminate\View\View->renderContents()
#6 /Users/andre/projects/andrew/aula-laravel/bootstrap/compiled.php(8072): Illuminate\View\View->render()
#7 /Users/andre/projects/andrew/aula-laravel/vendor/symfony/http-foundation/Response.php(202): Illuminate\Http\Response->setContent(Object(Illuminate\View\View))
#8 /Users/andre/projects/andrew/aula-laravel/bootstrap/compiled.php(3230): Symfony\Component\HttpFoundation\Response->__construct(Object(Illuminate\View\View))
#9 /Users/andre/projects/andrew/aula-laravel/bootstrap/compiled.php(3039): Illuminate\Routing\Router->prepareResponse(Object(Illuminate\Http\Request), Object(Illuminate\View\View))
#10 /Users/andre/projects/andrew/aula-laravel/bootstrap/compiled.php(3025): Illuminate\Routing\Router->dispatchToRoute(Object(Illuminate\Http\Request))
#11 /Users/andre/projects/andrew/aula-laravel/bootstrap/compiled.php(702): Illuminate\Routing\Router->dispatch(Object(Illuminate\Http\Request))
#12 /Users/andre/projects/andrew/aula-laravel/bootstrap/compiled.php(678): Illuminate\Foundation\Application->dispatch(Object(Illuminate\Http\Request))
#13 /Users/andre/projects/andrew/aula-laravel/bootstrap/compiled.php(5797): Illuminate\Foundation\Application->handle(Object(Illuminate\Http\Request), 1, true)
#14 /Users/andre/projects/andrew/aula-laravel/bootstrap/compiled.php(6404): Illuminate\Session\Middleware->handle(Object(Illuminate\Http\Request), 1, true)
#15 /Users/andre/projects/andrew/aula-laravel/bootstrap/compiled.php(6351): Illuminate\Cookie\Queue->handle(Object(Illuminate\Http\Request), 1, true)
#16 /Users/andre/projects/andrew/aula-laravel/bootstrap/compiled.php(8436): Illuminate\Cookie\Guard->handle(Object(Illuminate\Http\Request), 1, true)
#17 /Users/andre/projects/andrew/aula-laravel/bootstrap/compiled.php(639): Stack\StackedHttpKernel->handle(Object(Illuminate\Http\Request))
#18 /Users/andre/projects/andrew/aula-laravel/public/index.php(49): Illuminate\Foundation\Application->run()
#19 /Users/andre/projects/andrew/aula-laravel/server.php(19): require_once('/Users/andre/pr...')
#20 {main} [] []
[2020-09-03 16:41:11] production.ERROR: Symfony\Component\HttpKernel\Exception\NotFoundHttpException in /Users/andre/projects/andrew/aula-laravel/bootstrap/compiled.php:3723
Stack trace:
#0 /Users/andre/projects/andrew/aula-laravel/bootstrap/compiled.php(3045): Illuminate\Routing\RouteCollection->match(Object(Illuminate\Http\Request))
#1 /Users/andre/projects/andrew/aula-laravel/bootstrap/compiled.php(3033): Illuminate\Routing\Router->findRoute(Object(Illuminate\Http\Request))
#2 /Users/andre/projects/andrew/aula-laravel/bootstrap/compiled.php(3025): Illuminate\Routing\Router->dispatchToRoute(Object(Illuminate\Http\Request))
#3 /Users/andre/projects/andrew/aula-laravel/bootstrap/compiled.php(702): Illuminate\Routing\Router->dispatch(Object(Illuminate\Http\Request))
#4 /Users/andre/projects/andrew/aula-laravel/bootstrap/compiled.php(678): Illuminate\Foundation\Application->dispatch(Object(Illuminate\Http\Request))
#5 /Users/andre/projects/andrew/aula-laravel/bootstrap/compiled.php(5797): Illuminate\Foundation\Application->handle(Object(Illuminate\Http\Request), 1, true)
#6 /Users/andre/projects/andrew/aula-laravel/bootstrap/compiled.php(6404): Illuminate\Session\Middleware->handle(Object(Illuminate\Http\Request), 1, true)
#7 /Users/andre/projects/andrew/aula-laravel/bootstrap/compiled.php(6351): Illuminate\Cookie\Queue->handle(Object(Illuminate\Http\Request), 1, true)
#8 /Users/andre/projects/andrew/aula-laravel/bootstrap/compiled.php(8436): Illuminate\Cookie\Guard->handle(Object(Illuminate\Http\Request), 1, true)
#9 /Users/andre/projects/andrew/aula-laravel/bootstrap/compiled.php(639): Stack\StackedHttpKernel->handle(Object(Illuminate\Http\Request))
#10 /Users/andre/projects/andrew/aula-laravel/public/index.php(49): Illuminate\Foundation\Application->run()
#11 /Users/andre/projects/andrew/aula-laravel/server.php(19): require_once('/Users/andre/pr...')
#12 {main} [] []
[2020-09-03 17:03:02] production.ERROR: InvalidArgumentException: Database [psql] not configured. in /Users/andre/projects/andrew/aula-laravel/bootstrap/compiled.php:5627
Stack trace:
#0 /Users/andre/projects/andrew/aula-laravel/bootstrap/compiled.php(5585): Illuminate\Database\DatabaseManager->getConfig('psql')
#1 /Users/andre/projects/andrew/aula-laravel/bootstrap/compiled.php(5548): Illuminate\Database\DatabaseManager->makeConnection('psql')
#2 /Users/andre/projects/andrew/aula-laravel/bootstrap/compiled.php(5649): Illuminate\Database\DatabaseManager->connection()
#3 /Users/andre/projects/andrew/aula-laravel/bootstrap/compiled.php(1450): Illuminate\Database\DatabaseManager->__call('select', Array)
#4 /Users/andre/projects/andrew/aula-laravel/app/controllers/LoginController.php(21): Illuminate\Support\Facades\Facade::__callStatic('select', Array)
#5 /Users/andre/projects/andrew/aula-laravel/app/controllers/LoginController.php(8): buscaUsuarioPorLoginESenha('andrew', '123456')
#6 [internal function]: LoginController->login()
#7 /Users/andre/projects/andrew/aula-laravel/vendor/laravel/framework/src/Illuminate/Routing/Controller.php(231): call_user_func_array(Array, Array)
#8 /Users/andre/projects/andrew/aula-laravel/bootstrap/compiled.php(3819): Illuminate\Routing\Controller->callAction('login', Array)
#9 /Users/andre/projects/andrew/aula-laravel/bootstrap/compiled.php(3807): Illuminate\Routing\ControllerDispatcher->call(Object(LoginController), Object(Illuminate\Routing\Route), 'login')
#10 /Users/andre/projects/andrew/aula-laravel/bootstrap/compiled.php(3012): Illuminate\Routing\ControllerDispatcher->dispatch(Object(Illuminate\Routing\Route), Object(Illuminate\Http\Request), 'LoginController', 'login')
#11 [internal function]: Illuminate\Routing\Router->Illuminate\Routing\{closure}()
#12 /Users/andre/projects/andrew/aula-laravel/bootstrap/compiled.php(3370): call_user_func_array(Object(Closure), Array)
#13 /Users/andre/projects/andrew/aula-laravel/bootstrap/compiled.php(3037): Illuminate\Routing\Route->run(Object(Illuminate\Http\Request))
#14 /Users/andre/projects/andrew/aula-laravel/bootstrap/compiled.php(3025): Illuminate\Routing\Router->dispatchToRoute(Object(Illuminate\Http\Request))
#15 /Users/andre/projects/andrew/aula-laravel/bootstrap/compiled.php(702): Illuminate\Routing\Router->dispatch(Object(Illuminate\Http\Request))
#16 /Users/andre/projects/andrew/aula-laravel/bootstrap/compiled.php(678): Illuminate\Foundation\Application->dispatch(Object(Illuminate\Http\Request))
#17 /Users/andre/projects/andrew/aula-laravel/bootstrap/compiled.php(5797): Illuminate\Foundation\Application->handle(Object(Illuminate\Http\Request), 1, true)
#18 /Users/andre/projects/andrew/aula-laravel/bootstrap/compiled.php(6404): Illuminate\Session\Middleware->handle(Object(Illuminate\Http\Request), 1, true)
#19 /Users/andre/projects/andrew/aula-laravel/bootstrap/compiled.php(6351): Illuminate\Cookie\Queue->handle(Object(Illuminate\Http\Request), 1, true)
#20 /Users/andre/projects/andrew/aula-laravel/bootstrap/compiled.php(8436): Illuminate\Cookie\Guard->handle(Object(Illuminate\Http\Request), 1, true)
#21 /Users/andre/projects/andrew/aula-laravel/bootstrap/compiled.php(639): Stack\StackedHttpKernel->handle(Object(Illuminate\Http\Request))
#22 /Users/andre/projects/andrew/aula-laravel/public/index.php(49): Illuminate\Foundation\Application->run()
#23 /Users/andre/projects/andrew/aula-laravel/server.php(19): require_once('/Users/andre/pr...')
#24 {main} [] []
[2020-09-03 17:03:33] production.ERROR: InvalidArgumentException: Database [psql] not configured. in /Users/andre/projects/andrew/aula-laravel/bootstrap/compiled.php:5627
Stack trace:
#0 /Users/andre/projects/andrew/aula-laravel/bootstrap/compiled.php(5585): Illuminate\Database\DatabaseManager->getConfig('psql')
#1 /Users/andre/projects/andrew/aula-laravel/bootstrap/compiled.php(5548): Illuminate\Database\DatabaseManager->makeConnection('psql')
#2 /Users/andre/projects/andrew/aula-laravel/bootstrap/compiled.php(5649): Illuminate\Database\DatabaseManager->connection()
#3 /Users/andre/projects/andrew/aula-laravel/bootstrap/compiled.php(1450): Illuminate\Database\DatabaseManager->__call('select', Array)
#4 /Users/andre/projects/andrew/aula-laravel/app/controllers/LoginController.php(7): Illuminate\Support\Facades\Facade::__callStatic('select', Array)
#5 [internal function]: LoginController->login()
#6 /Users/andre/projects/andrew/aula-laravel/vendor/laravel/framework/src/Illuminate/Routing/Controller.php(231): call_user_func_array(Array, Array)
#7 /Users/andre/projects/andrew/aula-laravel/bootstrap/compiled.php(3819): Illuminate\Routing\Controller->callAction('login', Array)
#8 /Users/andre/projects/andrew/aula-laravel/bootstrap/compiled.php(3807): Illuminate\Routing\ControllerDispatcher->call(Object(LoginController), Object(Illuminate\Routing\Route), 'login')
#9 /Users/andre/projects/andrew/aula-laravel/bootstrap/compiled.php(3012): Illuminate\Routing\ControllerDispatcher->dispatch(Object(Illuminate\Routing\Route), Object(Illuminate\Http\Request), 'LoginController', 'login')
#10 [internal function]: Illuminate\Routing\Router->Illuminate\Routing\{closure}()
#11 /Users/andre/projects/andrew/aula-laravel/bootstrap/compiled.php(3370): call_user_func_array(Object(Closure), Array)
#12 /Users/andre/projects/andrew/aula-laravel/bootstrap/compiled.php(3037): Illuminate\Routing\Route->run(Object(Illuminate\Http\Request))
#13 /Users/andre/projects/andrew/aula-laravel/bootstrap/compiled.php(3025): Illuminate\Routing\Router->dispatchToRoute(Object(Illuminate\Http\Request))
#14 /Users/andre/projects/andrew/aula-laravel/bootstrap/compiled.php(702): Illuminate\Routing\Router->dispatch(Object(Illuminate\Http\Request))
#15 /Users/andre/projects/andrew/aula-laravel/bootstrap/compiled.php(678): Illuminate\Foundation\Application->dispatch(Object(Illuminate\Http\Request))
#16 /Users/andre/projects/andrew/aula-laravel/bootstrap/compiled.php(5797): Illuminate\Foundation\Application->handle(Object(Illuminate\Http\Request), 1, true)
#17 /Users/andre/projects/andrew/aula-laravel/bootstrap/compiled.php(6404): Illuminate\Session\Middleware->handle(Object(Illuminate\Http\Request), 1, true)
#18 /Users/andre/projects/andrew/aula-laravel/bootstrap/compiled.php(6351): Illuminate\Cookie\Queue->handle(Object(Illuminate\Http\Request), 1, true)
#19 /Users/andre/projects/andrew/aula-laravel/bootstrap/compiled.php(8436): Illuminate\Cookie\Guard->handle(Object(Illuminate\Http\Request), 1, true)
#20 /Users/andre/projects/andrew/aula-laravel/bootstrap/compiled.php(639): Stack\StackedHttpKernel->handle(Object(Illuminate\Http\Request))
#21 /Users/andre/projects/andrew/aula-laravel/public/index.php(49): Illuminate\Foundation\Application->run()
#22 /Users/andre/projects/andrew/aula-laravel/server.php(19): require_once('/Users/andre/pr...')
#23 {main} [] []
[2020-09-03 17:04:12] production.ERROR: Symfony\Component\HttpKernel\Exception\NotFoundHttpException in /Users/andre/projects/andrew/aula-laravel/bootstrap/compiled.php:3723
Stack trace:
#0 /Users/andre/projects/andrew/aula-laravel/bootstrap/compiled.php(3045): Illuminate\Routing\RouteCollection->match(Object(Illuminate\Http\Request))
#1 /Users/andre/projects/andrew/aula-laravel/bootstrap/compiled.php(3033): Illuminate\Routing\Router->findRoute(Object(Illuminate\Http\Request))
#2 /Users/andre/projects/andrew/aula-laravel/bootstrap/compiled.php(3025): Illuminate\Routing\Router->dispatchToRoute(Object(Illuminate\Http\Request))
#3 /Users/andre/projects/andrew/aula-laravel/bootstrap/compiled.php(702): Illuminate\Routing\Router->dispatch(Object(Illuminate\Http\Request))
#4 /Users/andre/projects/andrew/aula-laravel/bootstrap/compiled.php(678): Illuminate\Foundation\Application->dispatch(Object(Illuminate\Http\Request))
#5 /Users/andre/projects/andrew/aula-laravel/bootstrap/compiled.php(5797): Illuminate\Foundation\Application->handle(Object(Illuminate\Http\Request), 1, true)
#6 /Users/andre/projects/andrew/aula-laravel/bootstrap/compiled.php(6404): Illuminate\Session\Middleware->handle(Object(Illuminate\Http\Request), 1, true)
#7 /Users/andre/projects/andrew/aula-laravel/bootstrap/compiled.php(6351): Illuminate\Cookie\Queue->handle(Object(Illuminate\Http\Request), 1, true)
#8 /Users/andre/projects/andrew/aula-laravel/bootstrap/compiled.php(8436): Illuminate\Cookie\Guard->handle(Object(Illuminate\Http\Request), 1, true)
#9 /Users/andre/projects/andrew/aula-laravel/bootstrap/compiled.php(639): Stack\StackedHttpKernel->handle(Object(Illuminate\Http\Request))
#10 /Users/andre/projects/andrew/aula-laravel/public/index.php(49): Illuminate\Foundation\Application->run()
#11 /Users/andre/projects/andrew/aula-laravel/server.php(19): require_once('/Users/andre/pr...')
#12 {main} [] []
[2020-09-03 17:08:50] production.ERROR: Symfony\Component\HttpKernel\Exception\NotFoundHttpException in /Users/andre/projects/andrew/aula-laravel/bootstrap/compiled.php:3723
Stack trace:
#0 /Users/andre/projects/andrew/aula-laravel/bootstrap/compiled.php(3045): Illuminate\Routing\RouteCollection->match(Object(Illuminate\Http\Request))
#1 /Users/andre/projects/andrew/aula-laravel/bootstrap/compiled.php(3033): Illuminate\Routing\Router->findRoute(Object(Illuminate\Http\Request))
#2 /Users/andre/projects/andrew/aula-laravel/bootstrap/compiled.php(3025): Illuminate\Routing\Router->dispatchToRoute(Object(Illuminate\Http\Request))
#3 /Users/andre/projects/andrew/aula-laravel/bootstrap/compiled.php(702): Illuminate\Routing\Router->dispatch(Object(Illuminate\Http\Request))
#4 /Users/andre/projects/andrew/aula-laravel/bootstrap/compiled.php(678): Illuminate\Foundation\Application->dispatch(Object(Illuminate\Http\Request))
#5 /Users/andre/projects/andrew/aula-laravel/bootstrap/compiled.php(5797): Illuminate\Foundation\Application->handle(Object(Illuminate\Http\Request), 1, true)
#6 /Users/andre/projects/andrew/aula-laravel/bootstrap/compiled.php(6404): Illuminate\Session\Middleware->handle(Object(Illuminate\Http\Request), 1, true)
#7 /Users/andre/projects/andrew/aula-laravel/bootstrap/compiled.php(6351): Illuminate\Cookie\Queue->handle(Object(Illuminate\Http\Request), 1, true)
#8 /Users/andre/projects/andrew/aula-laravel/bootstrap/compiled.php(8436): Illuminate\Cookie\Guard->handle(Object(Illuminate\Http\Request), 1, true)
#9 /Users/andre/projects/andrew/aula-laravel/bootstrap/compiled.php(639): Stack\StackedHttpKernel->handle(Object(Illuminate\Http\Request))
#10 /Users/andre/projects/andrew/aula-laravel/public/index.php(49): Illuminate\Foundation\Application->run()
#11 /Users/andre/projects/andrew/aula-laravel/server.php(19): require_once('/Users/andre/pr...')
#12 {main} [] []
[2020-09-03 17:27:18] production.ERROR: ErrorException: Undefined variable: nomeUsuario in /Users/andre/projects/andrew/aula-laravel/app/views/lista.php:16
Stack trace:
#0 /Users/andre/projects/andrew/aula-laravel/app/views/lista.php(16): Illuminate\Exception\Handler->handleError(8, 'Undefined varia...', '/Users/andre/pr...', 16, Array)
#1 /Users/andre/projects/andrew/aula-laravel/bootstrap/compiled.php(8024): include('/Users/andre/pr...')
#2 /Users/andre/projects/andrew/aula-laravel/bootstrap/compiled.php(8016): Illuminate\View\Engines\PhpEngine->evaluatePath('/Users/andre/pr...', Array)
#3 /Users/andre/projects/andrew/aula-laravel/bootstrap/compiled.php(7902): Illuminate\View\Engines\PhpEngine->get('/Users/andre/pr...', Array)
#4 /Users/andre/projects/andrew/aula-laravel/bootstrap/compiled.php(7889): Illuminate\View\View->getContents()
#5 /Users/andre/projects/andrew/aula-laravel/bootstrap/compiled.php(7876): Illuminate\View\View->renderContents()
#6 /Users/andre/projects/andrew/aula-laravel/bootstrap/compiled.php(8072): Illuminate\View\View->render()
#7 /Users/andre/projects/andrew/aula-laravel/vendor/symfony/http-foundation/Response.php(202): Illuminate\Http\Response->setContent(Object(Illuminate\View\View))
#8 /Users/andre/projects/andrew/aula-laravel/bootstrap/compiled.php(3230): Symfony\Component\HttpFoundation\Response->__construct(Object(Illuminate\View\View))
#9 /Users/andre/projects/andrew/aula-laravel/bootstrap/compiled.php(3039): Illuminate\Routing\Router->prepareResponse(Object(Illuminate\Http\Request), Object(Illuminate\View\View))
#10 /Users/andre/projects/andrew/aula-laravel/bootstrap/compiled.php(3025): Illuminate\Routing\Router->dispatchToRoute(Object(Illuminate\Http\Request))
#11 /Users/andre/projects/andrew/aula-laravel/bootstrap/compiled.php(702): Illuminate\Routing\Router->dispatch(Object(Illuminate\Http\Request))
#12 /Users/andre/projects/andrew/aula-laravel/bootstrap/compiled.php(678): Illuminate\Foundation\Application->dispatch(Object(Illuminate\Http\Request))
#13 /Users/andre/projects/andrew/aula-laravel/bootstrap/compiled.php(5797): Illuminate\Foundation\Application->handle(Object(Illuminate\Http\Request), 1, true)
#14 /Users/andre/projects/andrew/aula-laravel/bootstrap/compiled.php(6404): Illuminate\Session\Middleware->handle(Object(Illuminate\Http\Request), 1, true)
#15 /Users/andre/projects/andrew/aula-laravel/bootstrap/compiled.php(6351): Illuminate\Cookie\Queue->handle(Object(Illuminate\Http\Request), 1, true)
#16 /Users/andre/projects/andrew/aula-laravel/bootstrap/compiled.php(8436): Illuminate\Cookie\Guard->handle(Object(Illuminate\Http\Request), 1, true)
#17 /Users/andre/projects/andrew/aula-laravel/bootstrap/compiled.php(639): Stack\StackedHttpKernel->handle(Object(Illuminate\Http\Request))
#18 /Users/andre/projects/andrew/aula-laravel/public/index.php(49): Illuminate\Foundation\Application->run()
#19 /Users/andre/projects/andrew/aula-laravel/server.php(19): require_once('/Users/andre/pr...')
#20 {main} [] []
[2020-09-03 17:28:05] production.ERROR: Symfony\Component\HttpKernel\Exception\NotFoundHttpException in /Users/andre/projects/andrew/aula-laravel/bootstrap/compiled.php:3723
Stack trace:
#0 /Users/andre/projects/andrew/aula-laravel/bootstrap/compiled.php(3045): Illuminate\Routing\RouteCollection->match(Object(Illuminate\Http\Request))
#1 /Users/andre/projects/andrew/aula-laravel/bootstrap/compiled.php(3033): Illuminate\Routing\Router->findRoute(Object(Illuminate\Http\Request))
#2 /Users/andre/projects/andrew/aula-laravel/bootstrap/compiled.php(3025): Illuminate\Routing\Router->dispatchToRoute(Object(Illuminate\Http\Request))
#3 /Users/andre/projects/andrew/aula-laravel/bootstrap/compiled.php(702): Illuminate\Routing\Router->dispatch(Object(Illuminate\Http\Request))
#4 /Users/andre/projects/andrew/aula-laravel/bootstrap/compiled.php(678): Illuminate\Foundation\Application->dispatch(Object(Illuminate\Http\Request))
#5 /Users/andre/projects/andrew/aula-laravel/bootstrap/compiled.php(5797): Illuminate\Foundation\Application->handle(Object(Illuminate\Http\Request), 1, true)
#6 /Users/andre/projects/andrew/aula-laravel/bootstrap/compiled.php(6404): Illuminate\Session\Middleware->handle(Object(Illuminate\Http\Request), 1, true)
#7 /Users/andre/projects/andrew/aula-laravel/bootstrap/compiled.php(6351): Illuminate\Cookie\Queue->handle(Object(Illuminate\Http\Request), 1, true)
#8 /Users/andre/projects/andrew/aula-laravel/bootstrap/compiled.php(8436): Illuminate\Cookie\Guard->handle(Object(Illuminate\Http\Request), 1, true)
#9 /Users/andre/projects/andrew/aula-laravel/bootstrap/compiled.php(639): Stack\StackedHttpKernel->handle(Object(Illuminate\Http\Request))
#10 /Users/andre/projects/andrew/aula-laravel/public/index.php(49): Illuminate\Foundation\Application->run()
#11 /Users/andre/projects/andrew/aula-laravel/server.php(19): require_once('/Users/andre/pr...')
#12 {main} [] []
[2020-09-03 17:35:09] production.ERROR: ErrorException: Undefined property: stdClass::$class in /Users/andre/projects/andrew/aula-laravel/app/views/lista.php:23
Stack trace:
#0 /Users/andre/projects/andrew/aula-laravel/app/views/lista.php(23): Illuminate\Exception\Handler->handleError(8, 'Undefined prope...', '/Users/andre/pr...', 23, Array)
#1 /Users/andre/projects/andrew/aula-laravel/bootstrap/compiled.php(8024): include('/Users/andre/pr...')
#2 /Users/andre/projects/andrew/aula-laravel/bootstrap/compiled.php(8016): Illuminate\View\Engines\PhpEngine->evaluatePath('/Users/andre/pr...', Array)
#3 /Users/andre/projects/andrew/aula-laravel/bootstrap/compiled.php(7902): Illuminate\View\Engines\PhpEngine->get('/Users/andre/pr...', Array)
#4 /Users/andre/projects/andrew/aula-laravel/bootstrap/compiled.php(7889): Illuminate\View\View->getContents()
#5 /Users/andre/projects/andrew/aula-laravel/bootstrap/compiled.php(7876): Illuminate\View\View->renderContents()
#6 /Users/andre/projects/andrew/aula-laravel/bootstrap/compiled.php(8072): Illuminate\View\View->render()
#7 /Users/andre/projects/andrew/aula-laravel/vendor/symfony/http-foundation/Response.php(202): Illuminate\Http\Response->setContent(Object(Illuminate\View\View))
#8 /Users/andre/projects/andrew/aula-laravel/bootstrap/compiled.php(3230): Symfony\Component\HttpFoundation\Response->__construct(Object(Illuminate\View\View))
#9 /Users/andre/projects/andrew/aula-laravel/bootstrap/compiled.php(3039): Illuminate\Routing\Router->prepareResponse(Object(Illuminate\Http\Request), Object(Illuminate\View\View))
#10 /Users/andre/projects/andrew/aula-laravel/bootstrap/compiled.php(3025): Illuminate\Routing\Router->dispatchToRoute(Object(Illuminate\Http\Request))
#11 /Users/andre/projects/andrew/aula-laravel/bootstrap/compiled.php(702): Illuminate\Routing\Router->dispatch(Object(Illuminate\Http\Request))
#12 /Users/andre/projects/andrew/aula-laravel/bootstrap/compiled.php(678): Illuminate\Foundation\Application->dispatch(Object(Illuminate\Http\Request))
#13 /Users/andre/projects/andrew/aula-laravel/bootstrap/compiled.php(5797): Illuminate\Foundation\Application->handle(Object(Illuminate\Http\Request), 1, true)
#14 /Users/andre/projects/andrew/aula-laravel/bootstrap/compiled.php(6404): Illuminate\Session\Middleware->handle(Object(Illuminate\Http\Request), 1, true)
#15 /Users/andre/projects/andrew/aula-laravel/bootstrap/compiled.php(6351): Illuminate\Cookie\Queue->handle(Object(Illuminate\Http\Request), 1, true)
#16 /Users/andre/projects/andrew/aula-laravel/bootstrap/compiled.php(8436): Illuminate\Cookie\Guard->handle(Object(Illuminate\Http\Request), 1, true)
#17 /Users/andre/projects/andrew/aula-laravel/bootstrap/compiled.php(639): Stack\StackedHttpKernel->handle(Object(Illuminate\Http\Request))
#18 /Users/andre/projects/andrew/aula-laravel/public/index.php(49): Illuminate\Foundation\Application->run()
#19 /Users/andre/projects/andrew/aula-laravel/server.php(19): require_once('/Users/andre/pr...')
#20 {main} [] []
[2020-09-03 17:38:06] production.ERROR: Symfony\Component\HttpKernel\Exception\NotFoundHttpException in /Users/andre/projects/andrew/aula-laravel/bootstrap/compiled.php:3723
Stack trace:
#0 /Users/andre/projects/andrew/aula-laravel/bootstrap/compiled.php(3045): Illuminate\Routing\RouteCollection->match(Object(Illuminate\Http\Request))
#1 /Users/andre/projects/andrew/aula-laravel/bootstrap/compiled.php(3033): Illuminate\Routing\Router->findRoute(Object(Illuminate\Http\Request))
#2 /Users/andre/projects/andrew/aula-laravel/bootstrap/compiled.php(3025): Illuminate\Routing\Router->dispatchToRoute(Object(Illuminate\Http\Request))
#3 /Users/andre/projects/andrew/aula-laravel/bootstrap/compiled.php(702): Illuminate\Routing\Router->dispatch(Object(Illuminate\Http\Request))
#4 /Users/andre/projects/andrew/aula-laravel/bootstrap/compiled.php(678): Illuminate\Foundation\Application->dispatch(Object(Illuminate\Http\Request))
#5 /Users/andre/projects/andrew/aula-laravel/bootstrap/compiled.php(5797): Illuminate\Foundation\Application->handle(Object(Illuminate\Http\Request), 1, true)
#6 /Users/andre/projects/andrew/aula-laravel/bootstrap/compiled.php(6404): Illuminate\Session\Middleware->handle(Object(Illuminate\Http\Request), 1, true)
#7 /Users/andre/projects/andrew/aula-laravel/bootstrap/compiled.php(6351): Illuminate\Cookie\Queue->handle(Object(Illuminate\Http\Request), 1, true)
#8 /Users/andre/projects/andrew/aula-laravel/bootstrap/compiled.php(8436): Illuminate\Cookie\Guard->handle(Object(Illuminate\Http\Request), 1, true)
#9 /Users/andre/projects/andrew/aula-laravel/bootstrap/compiled.php(639): Stack\StackedHttpKernel->handle(Object(Illuminate\Http\Request))
#10 /Users/andre/projects/andrew/aula-laravel/public/index.php(49): Illuminate\Foundation\Application->run()
#11 /Users/andre/projects/andrew/aula-laravel/server.php(19): require_once('/Users/andre/pr...')
#12 {main} [] []
[2020-09-03 18:10:24] production.ERROR: Symfony\Component\HttpKernel\Exception\NotFoundHttpException in /Users/andre/projects/andrew/aula-laravel/bootstrap/compiled.php:3723
Stack trace:
#0 /Users/andre/projects/andrew/aula-laravel/bootstrap/compiled.php(3045): Illuminate\Routing\RouteCollection->match(Object(Illuminate\Http\Request))
#1 /Users/andre/projects/andrew/aula-laravel/bootstrap/compiled.php(3033): Illuminate\Routing\Router->findRoute(Object(Illuminate\Http\Request))
#2 /Users/andre/projects/andrew/aula-laravel/bootstrap/compiled.php(3025): Illuminate\Routing\Router->dispatchToRoute(Object(Illuminate\Http\Request))
#3 /Users/andre/projects/andrew/aula-laravel/bootstrap/compiled.php(702): Illuminate\Routing\Router->dispatch(Object(Illuminate\Http\Request))
#4 /Users/andre/projects/andrew/aula-laravel/bootstrap/compiled.php(678): Illuminate\Foundation\Application->dispatch(Object(Illuminate\Http\Request))
#5 /Users/andre/projects/andrew/aula-laravel/bootstrap/compiled.php(5797): Illuminate\Foundation\Application->handle(Object(Illuminate\Http\Request), 1, true)
#6 /Users/andre/projects/andrew/aula-laravel/bootstrap/compiled.php(6404): Illuminate\Session\Middleware->handle(Object(Illuminate\Http\Request), 1, true)
#7 /Users/andre/projects/andrew/aula-laravel/bootstrap/compiled.php(6351): Illuminate\Cookie\Queue->handle(Object(Illuminate\Http\Request), 1, true)
#8 /Users/andre/projects/andrew/aula-laravel/bootstrap/compiled.php(8436): Illuminate\Cookie\Guard->handle(Object(Illuminate\Http\Request), 1, true)
#9 /Users/andre/projects/andrew/aula-laravel/bootstrap/compiled.php(639): Stack\StackedHttpKernel->handle(Object(Illuminate\Http\Request))
#10 /Users/andre/projects/andrew/aula-laravel/public/index.php(49): Illuminate\Foundation\Application->run()
#11 /Users/andre/projects/andrew/aula-laravel/server.php(19): require_once('/Users/andre/pr...')
#12 {main} [] []
